# JRE version: OpenJDK Runtime Environment (11.0.10) (build 11.0.10+0-b96-7249189)
# Java VM: OpenJDK 64-Bit Server VM (11.0.10+0-b96-7249189, mixed mode, tiered, compressed oops, g1 gc, windows-amd64)
Heap:
 garbage-first heap   total 189440K, used 124055K [0x0000000080000000, 0x0000000100000000)
  region size 1024K, 14 young (14336K), 3 survivors (3072K)
 Metaspace       used 103300K, capacity 106226K, committed 106320K, reserved 1142784K
  class space    used 12539K, capacity 13521K, committed 13568K, reserved 1048576K
GC Heap History (20 events):
Event: 508.524 GC heap before
{Heap before GC invocations=66 (full 0):
 garbage-first heap   total 157696K, used 112272K [0x0000000080000000, 0x0000000100000000)
  region size 1024K, 7 young (7168K), 1 survivors (1024K)
 Metaspace       used 102281K, capacity 105181K, committed 105424K, reserved 1140736K
  class space    used 12460K, capacity 13392K, committed 13440K, reserved 1048576K
}
Event: 508.546 GC heap after
{Heap after GC invocations=67 (full 0):
 garbage-first heap   total 157696K, used 95156K [0x0000000080000000, 0x0000000100000000)
  region size 1024K, 1 young (1024K), 1 survivors (1024K)
 Metaspace       used 102281K, capacity 105181K, committed 105424K, reserved 1140736K
  class space    used 12460K, capacity 13392K, committed 13440K, reserved 1048576K
}
Event: 509.726 GC heap before
{Heap before GC invocations=67 (full 0):
 garbage-first heap   total 157696K, used 101300K [0x0000000080000000, 0x0000000100000000)
  region size 1024K, 7 young (7168K), 1 survivors (1024K)
 Metaspace       used 102377K, capacity 105217K, committed 105424K, reserved 1140736K
  class space    used 12472K, capacity 13403K, committed 13440K, reserved 1048576K
}
Event: 509.740 GC heap after
{Heap after GC invocations=68 (full 0):
 garbage-first heap   total 189440K, used 95539K [0x0000000080000000, 0x0000000100000000)
  region size 1024K, 1 young (1024K), 1 survivors (1024K)
 Metaspace       used 102377K, capacity 105217K, committed 105424K, reserved 1140736K
  class space    used 12472K, capacity 13403K, committed 13440K, reserved 1048576K
}
Event: 511.825 GC heap before
{Heap before GC invocations=68 (full 0):
 garbage-first heap   total 189440K, used 142643K [0x0000000080000000, 0x0000000100000000)
  region size 1024K, 48 young (49152K), 1 survivors (1024K)
 Metaspace       used 102432K, capacity 105288K, committed 105424K, reserved 1140736K
  class space    used 12472K, capacity 13404K, committed 13440K, reserved 1048576K
}
Event: 511.833 GC heap after
{Heap after GC invocations=69 (full 0):
 garbage-first heap   total 189440K, used 97749K [0x0000000080000000, 0x0000000100000000)
  region size 1024K, 4 young (4096K), 4 survivors (4096K)
 Metaspace       used 102432K, capacity 105288K, committed 105424K, reserved 1140736K
  class space    used 12472K, capacity 13404K, committed 13440K, reserved 1048576K
}
Event: 512.698 GC heap before
{Heap before GC invocations=69 (full 0):
 garbage-first heap   total 189440K, used 145877K [0x0000000080000000, 0x0000000100000000)
  region size 1024K, 51 young (52224K), 4 survivors (4096K)
 Metaspace       used 102565K, capacity 105456K, committed 105808K, reserved 1142784K
  class space    used 12491K, capacity 13455K, committed 13568K, reserved 1048576K
}
Event: 512.710 GC heap after
{Heap after GC invocations=70 (full 0):
 garbage-first heap   total 189440K, used 100501K [0x0000000080000000, 0x0000000100000000)
  region size 1024K, 6 young (6144K), 6 survivors (6144K)
 Metaspace       used 102565K, capacity 105456K, committed 105808K, reserved 1142784K
  class space    used 12491K, capacity 13455K, committed 13568K, reserved 1048576K
}
Event: 791.756 GC heap before
{Heap before GC invocations=70 (full 0):
 garbage-first heap   total 189440K, used 148629K [0x0000000080000000, 0x0000000100000000)
  region size 1024K, 54 young (55296K), 6 survivors (6144K)
 Metaspace       used 102906K, capacity 105919K, committed 106064K, reserved 1142784K
  class space    used 12514K, capacity 13487K, committed 13568K, reserved 1048576K
}
Event: 791.774 GC heap after
{Heap after GC invocations=71 (full 0):
 garbage-first heap   total 189440K, used 104187K [0x0000000080000000, 0x0000000100000000)
  region size 1024K, 7 young (7168K), 7 survivors (7168K)
 Metaspace       used 102906K, capacity 105919K, committed 106064K, reserved 1142784K
  class space    used 12514K, capacity 13487K, committed 13568K, reserved 1048576K
}
Event: 792.192 GC heap before
{Heap before GC invocations=71 (full 0):
 garbage-first heap   total 189440K, used 151291K [0x0000000080000000, 0x0000000100000000)
  region size 1024K, 54 young (55296K), 7 survivors (7168K)
 Metaspace       used 102927K, capacity 105919K, committed 106064K, reserved 1142784K
  class space    used 12514K, capacity 13487K, committed 13568K, reserved 1048576K
}
Event: 792.205 GC heap after
{Heap after GC invocations=72 (full 0):
 garbage-first heap   total 189440K, used 105834K [0x0000000080000000, 0x0000000100000000)
  region size 1024K, 2 young (2048K), 2 survivors (2048K)
 Metaspace       used 102927K, capacity 105919K, committed 106064K, reserved 1142784K
  class space    used 12514K, capacity 13487K, committed 13568K, reserved 1048576K
}
Event: 795.081 GC heap before
{Heap before GC invocations=72 (full 0):
 garbage-first heap   total 189440K, used 152938K [0x0000000080000000, 0x0000000100000000)
  region size 1024K, 49 young (50176K), 2 survivors (2048K)
 Metaspace       used 102999K, capacity 106025K, committed 106320K, reserved 1142784K
  class space    used 12521K, capacity 13499K, committed 13568K, reserved 1048576K
}
Event: 795.092 GC heap after
{Heap after GC invocations=73 (full 0):
 garbage-first heap   total 189440K, used 107446K [0x0000000080000000, 0x0000000100000000)
  region size 1024K, 4 young (4096K), 4 survivors (4096K)
 Metaspace       used 102999K, capacity 106025K, committed 106320K, reserved 1142784K
  class space    used 12521K, capacity 13499K, committed 13568K, reserved 1048576K
}
Event: 795.797 GC heap before
{Heap before GC invocations=73 (full 0):
 garbage-first heap   total 189440K, used 154550K [0x0000000080000000, 0x0000000100000000)
  region size 1024K, 51 young (52224K), 4 survivors (4096K)
 Metaspace       used 103007K, capacity 106025K, committed 106320K, reserved 1142784K
  class space    used 12521K, capacity 13499K, committed 13568K, reserved 1048576K
}
Event: 795.807 GC heap after
{Heap after GC invocations=74 (full 0):
 garbage-first heap   total 189440K, used 109688K [0x0000000080000000, 0x0000000100000000)
  region size 1024K, 6 young (6144K), 6 survivors (6144K)
 Metaspace       used 103007K, capacity 106025K, committed 106320K, reserved 1142784K
  class space    used 12521K, capacity 13499K, committed 13568K, reserved 1048576K
}
Event: 796.415 GC heap before
{Heap before GC invocations=74 (full 0):
 garbage-first heap   total 189440K, used 155768K [0x0000000080000000, 0x0000000100000000)
  region size 1024K, 52 young (53248K), 6 survivors (6144K)
 Metaspace       used 103079K, capacity 106028K, committed 106320K, reserved 1142784K
  class space    used 12521K, capacity 13499K, committed 13568K, reserved 1048576K
}
Event: 796.429 GC heap after
{Heap after GC invocations=75 (full 0):
 garbage-first heap   total 189440K, used 112367K [0x0000000080000000, 0x0000000100000000)
  region size 1024K, 6 young (6144K), 6 survivors (6144K)
 Metaspace       used 103079K, capacity 106028K, committed 106320K, reserved 1142784K
  class space    used 12521K, capacity 13499K, committed 13568K, reserved 1048576K
}
Event: 1688.889 GC heap before
{Heap before GC invocations=75 (full 0):
 garbage-first heap   total 189440K, used 156399K [0x0000000080000000, 0x0000000100000000)
  region size 1024K, 50 young (51200K), 6 survivors (6144K)
 Metaspace       used 103188K, capacity 106101K, committed 106320K, reserved 1142784K
  class space    used 12524K, capacity 13502K, committed 13568K, reserved 1048576K
}
Event: 1688.902 GC heap after
{Heap after GC invocations=76 (full 0):
 garbage-first heap   total 189440K, used 113815K [0x0000000080000000, 0x0000000100000000)
  region size 1024K, 3 young (3072K), 3 survivors (3072K)
 Metaspace       used 103188K, capacity 106101K, committed 106320K, reserved 1142784K
  class space    used 12524K, capacity 13502K, committed 13568K, reserved 1048576K
}

